gfortran -g -I. -O2 -c  declare.f90
gfortran -g -I. -O2 -c  rgen_info.f90
gfortran -g -I. -O2 -c  rPA_status.f90
gfortran -g -I. -O2 -c  rdaggerf.f90
gfortran -g -I. -O2 -c  rinp.f90
gfortran -g -I. -O2 -c  rfchk.f90
gfortran -g -I. -O2 -c  orth.f90
gfortran -g -I. -O2 -c  rC.f90
gfortran -g -I. -O2 -c  rS.f90
gfortran -g -I. -O2 -c  rP.f90
gfortran -g -I. -O2 -c  rP_g.f90
gfortran -g -I. -O2 -c  rPx_g.f90
gfortran -g -I. -O2 -c  rPxspin_g.f90
gfortran -g -I. -O2 -c  rP_qp.f90
gfortran -g -I. -O2 -c  mo_to_ao.f90
gfortran -g -I. -O2 -c  ao_to_mo.f90
gfortran -g -I. -O2 -c  double_mat_prod.f90
gfortran -g -I. -O2 -c  rPx_qp.f90
gfortran -g -I. -O2 -c  trace_mat.f90
gfortran -g -I. -O2 -c  det_at.f90
gfortran -g -I. -O2 -c  weigen.f90
gfortran -g -I. -O2 -c  dau_main.f90
gfortran -g -I. -O2 -c  zvec_main.f90
gfortran -g -I. -O2 -c  daz_main.f90
gfortran -g -I. -O2 -c  da.f90
gfortran -g -I. -O2 -c  launch_svd_and_rotate.f90
gfortran -g -I. -O2 -c  svd_and_rotation_XY.f90
gfortran -g -I. -O2 -c  svd.f90
gfortran -g -I. -O2 -c  diag.f90
gfortran -g -I. -O2 -c  print_mat_mo_to_ao_fchk.f90
gfortran -g -I. -O2 -c  triangleK.f90
gfortran -g -I. -O2 -c  PopulationAnalysis.f90
gfortran -g -I. -O2 -c  wfchk_dens.f90
gfortran -g -I. -O2 -c  wfchk_orbsAlpha.f90
gfortran -g -I. -O2 -c  wfchk_orbsBeta.f90
gfortran -g -I. -O2 -c  PA_mat.f90
gfortran -g -I. -O2 -c  QuantumDescriptorsPA.f90
gfortran -g -I. -O2 -c  rPrelax_g.f90
gfortran -g -I. -O2 -c  PA_analysis.f90
gfortran -g -I. -O2 -c  common_dar_daz.f90
gfortran -g -I. -O2 -c  adiab_z.f90
gfortran -g -I. -O2 -c  no_adiab_z.f90
gfortran -g -I. -O2 -c  rTK.f90
gfortran -g -I. -O2 -c  common_XY.f90
gfortran -g -I. -O2 -c  daXY.f90
gfortran -g -I. -O2 -c  da_XY.f90
gfortran -g -I. -O2 -c  trans_orbs_XY.f90
gfortran -g -I. -O2 -c  orbs_XY.f90
gfortran -g -I. -O2 -c  deal.f90
gfortran -g -I. -O2 -c  increase_cube_size.f90
gfortran -g -I. -O2 -c  rlxy_PA.f90
gfortran -g -I. -O2 -c  rlxy_PAops.f90
gfortran -g -I. -O2 -c  rqm_NI_info.f90
gfortran -g -I. -O2 -c  rdcubehdr.f90
gfortran -g -I. -O2 -c  consistency.f90
gfortran -g -I. -O2 -c  rddensities.f90
gfortran -g -I. -O2 -c  printingdadens.f90
gfortran -g -I. -O2 -c  qm_NI.f90
gfortran -g -I. -O2 -c  split.f90
gfortran -g -I. -O2 -c  cubeop.f90
gfortran -g -I. -O2 -c  alphaddagger.f90
gfortran -g -I. -O2 -c  alpha_ddagger.f90
gfortran -g -I. -O2 -c  qmNIrlx.f90
gfortran -g -I. -O2 -c  main_mesra.f90
gfortran declare.o rgen_info.o rPA_status.o rdaggerf.o rinp.o rfchk.o orth.o rC.o rS.o rP.o rP_g.o rPx_g.o rPxspin_g.o rP_qp.o mo_to_ao.o ao_to_mo.o double_mat_prod.o rPx_qp.o trace_mat.o det_at.o weigen.o dau_main.o zvec_main.o daz_main.o da.o launch_svd_and_rotate.o svd_and_rotation_XY.o svd.o diag.o print_mat_mo_to_ao_fchk.o triangleK.o PopulationAnalysis.o  wfchk_dens.o wfchk_orbsAlpha.o wfchk_orbsBeta.o PA_mat.o QuantumDescriptorsPA.o rPrelax_g.o PA_analysis.o common_dar_daz.o adiab_z.o no_adiab_z.o rTK.o common_XY.o daXY.o da_XY.o trans_orbs_XY.o orbs_XY.o deal.o increase_cube_size.o rlxy_PA.o rlxy_PAops.o rqm_NI_info.o rdcubehdr.o consistency.o rddensities.o printingdadens.o qm_NI.o split.o cubeop.o alphaddagger.o alpha_ddagger.o qmNIrlx.o main_mesra.o   -L/usr/lib -llapack -lblas -o main_mesra
General information collected into mesra_general_info

            ********************
            *                  *
            *  MESRA software  *
            *                  *
            ********************

 Jobtype: dau                                                                                                                             
 Number of excited states computed, and target transition
           6           1
 Number of alpha and beta electrons
          45          45
 Number of atomic and molecular (spin)orbitals
         135         135

 Largest eigenvalues (> 0.1, if any)

 eig-  -1.44789
 eig+   1.44723

 Integral of detachment/attachment density
     1.4533
 Hole/particle overlap (phiS, from PA)
     0.4410
 Fraction of D/A contributing to the net displaced charge (phi, from PA)
     0.8896
 psi (from PA)
     0.2930


            ********************
            *                  *
            *  MESRA software  *
            *                  *
            ********************

 Jobtype: daz                                                                                                                             
 Number of excited states computed, and target transition
           6           1
 Number of alpha and beta electrons
          45          45
 Number of atomic and molecular (spin)orbitals
         135         135

 Trace of ZZ^dagger (eta)
      9.96911

 Largest eigenvalues (> 0.1, if any)

 eig-  -3.15680
 eig+   3.15680


            ********************
            *                  *
            *  MESRA software  *
            *                  *
            ********************

 Jobtype: dar                                                                                                                             
 Number of excited states computed, and target transition
           6           1
 Number of alpha and beta electrons
          45          45
 Number of atomic and molecular (spin)orbitals
         135         135

 Trace of ZZ^dagger (eta)
      9.96911

 Largest eigenvalues (> 0.1, if any)

 eig-  -3.47316
 eig+   3.47257

 Integral of detachment/attachment density
     3.6900
 Hole/particle overlap (phiS, from PA)
     0.9903
 Fraction of D/A contributing to the net displaced charge (phi, from PA)
     0.0947
 psi (from PA)
     0.9393


            ********************
            *                  *
            *  MESRA software  *
            *                  *
            ********************

 Jobtype: dau                                                                                                                             
 Number of excited states computed, and target transition
           6           2
 Number of alpha and beta electrons
          45          45
 Number of atomic and molecular (spin)orbitals
         135         135

 Largest eigenvalues (> 0.1, if any)

 eig-  -1.00160
 eig+   1.00205

 Integral of detachment/attachment density
     1.0027
 Hole/particle overlap (phiS, from PA)
     0.2341
 Fraction of D/A contributing to the net displaced charge (phi, from PA)
     0.9397
 psi (from PA)
     0.1554


            ********************
            *                  *
            *  MESRA software  *
            *                  *
            ********************

 Jobtype: orbsXY                                                                                                                          
 Number of excited states computed, and target transition
           6           2
 Number of alpha and beta electrons
          45          45
 Number of atomic and molecular (spin)orbitals
         135         135

 (x^dagger)x + (y^dagger)y
     1.00272
 ((x+y)^dagger)(x+y), and its square root
     0.96371     0.98169
 (x^dagger)x - (y^dagger)y
     1.00000
 CTOs residue
     0.00013

 # pNTOs computation

 Amplitude of the particle-hole correlation
     0.00136

 If the square of a singular value contributes
 by more than ten percent to the sum of squared
 singular values, it is reported below

 Singular value, squared singular value, and percentage of its contribution

     1.00110     1.00219        99.9

 # CTOs computation

 If the square of a singular value contributes
 by more than ten percent to the sum of squared
 singular values, it is reported below

 Singular value, squared singular value, and percentage of its contribution

     0.99986     0.99971       100.0

 # aNTOs computation

 If the square of a singular value contributes
 by more than ten percent to the sum of squared
 singular values, it is reported below

 Singular value, squared singular value, and percentage of its contribution

     0.99964     0.99929        99.9


            ********************
            *                  *
            *  MESRA software  *
            *                  *
            ********************

 Jobtype: daXY                                                                                                                            
 Number of excited states computed, and target transition
           6           2
 Number of alpha and beta electrons
          45          45
 Number of atomic and molecular (spin)orbitals
         135         135

 Integral of detachment/attachment density
     1.0027
 Hole/particle overlap (phiS, from PA)
     0.2341
 Fraction of D/A contributing to the net displaced charge (phi, from PA)
     0.9397
 psi (from PA)
     0.1554


            ********************
            *                  *
            *  MESRA software  *
            *                  *
            ********************

 Jobtype: rlxy_PA                                                                                                                         
 Number of excited states computed, and target transition
           6           1
 Number of alpha and beta electrons
          45          45
 Number of atomic and molecular (spin)orbitals
         135         135

 1) Unrelaxed picture of the transition

 Integral of detachment/attachment density
     1.4533
 Hole/particle overlap (phiS, from PA)
     0.4410
 Fraction of D/A contributing to the net displaced charge (phi, from PA)
     0.8896
 psi (from PA)
     0.2930

 2) Relaxation

 Trace of ZZ^dagger (eta)
      9.96911

 3) Relaxed hole/particle overlap integral

 Relative amplitude of the relaxation
       0.8728
 Relaxed hole/particle overlap (phiS, from PA)
       0.9289

General information collected into mesra_general_info

            ********************
            *                  *
            *  MESRA software  *
            *                  *
            ********************

 Jobtype: dau                                                                                                                             
 Number of excited states computed, and target transition
           3           1
 Number of alpha and beta electrons
          44          44
 Number of atomic and molecular (spin)orbitals
         128         128

 Largest eigenvalues (> 0.1, if any)

 eig-  -0.99613
 eig+   0.99613

 Integral of detachment/attachment density
     1.0000
 Hole/particle overlap (phiS, from PA)
     0.0846
 Fraction of D/A contributing to the net displaced charge (phi, from PA)
     0.9932
 psi (from PA)
     0.0541


            ********************
            *                  *
            *  MESRA software  *
            *                  *
            ********************

 Jobtype: dar                                                                                                                             
 Number of excited states computed, and target transition
           3           1
 Number of alpha and beta electrons
          44          44
 Number of atomic and molecular (spin)orbitals
         128         128

 Trace of ZZ^dagger (eta)
      0.04247

 Largest eigenvalues (> 0.1, if any)

 eig-  -0.99616
 eig-  -0.10642
 eig+   0.10450
 eig+   0.99795

 Integral of detachment/attachment density
     1.6562
 Hole/particle overlap (phiS, from PA)
     0.4815
 Fraction of D/A contributing to the net displaced charge (phi, from PA)
     0.7818
 psi (from PA)
     0.3514


            ********************
            *                  *
            *  MESRA software  *
            *                  *
            ********************

 Jobtype: orbsXY                                                                                                                          
 Number of excited states computed, and target transition
           3           2
 Number of alpha and beta electrons
          44          44
 Number of atomic and molecular (spin)orbitals
         128         128

 (x^dagger)x + (y^dagger)y
     1.00000
 ((x+y)^dagger)(x+y), and its square root
     1.00000     1.00000
 (x^dagger)x - (y^dagger)y
     1.00000
 CTOs residue
     0.00000

 # pNTOs computation

 Amplitude of the particle-hole correlation
     0.00000

 If the square of a singular value contributes
 by more than ten percent to the sum of squared
 singular values, it is reported below

 Singular value, squared singular value, and percentage of its contribution

     0.99760     0.99520        99.5

 # CTOs computation

 If the square of a singular value contributes
 by more than ten percent to the sum of squared
 singular values, it is reported below

 Singular value, squared singular value, and percentage of its contribution

     0.99760     0.99520        99.5

 # aNTOs computation

 If the square of a singular value contributes
 by more than ten percent to the sum of squared
 singular values, it is reported below

 Singular value, squared singular value, and percentage of its contribution

     0.99760     0.99520        99.5


            ********************
            *                  *
            *  MESRA software  *
            *                  *
            ********************

 Jobtype: daXY                                                                                                                            
 Number of excited states computed, and target transition
           3           2
 Number of alpha and beta electrons
          44          44
 Number of atomic and molecular (spin)orbitals
         128         128

 Integral of detachment/attachment density
     1.0000
 Hole/particle overlap (phiS, from PA)
     0.0600
 Fraction of D/A contributing to the net displaced charge (phi, from PA)
     0.9950
 psi (from PA)
     0.0383


            ********************
            *                  *
            *  MESRA software  *
            *                  *
            ********************

 Jobtype: alphaddagger                                                                                                                    

 lambda^Z 
    0.6562
 Trace of Sx*DU*Sy 
    1.0000
 Trace of Sx*AU*Sy
    1.0000
 Trace of Sx*DR*Sy 
    1.6562
 Trace of Sx*AR*Sy 
    1.6562
 alpha^ddagger(D)
    0.2162
 alpha^ddagger(A)
    0.3313
 alpha^ddagger
    0.2737


            ********************
            *                  *
            *  MESRA software  *
            *                  *
            ********************

 Jobtype: qm_NI                                                                                                                           

 1. Integration of detachment and attachment densities
  
 Integral of detachment density 
       1.0177
  
 Integral of attachment density 
       1.0186
  
 2. Charge from n-/n+ densities
  
 chi- from negative density variation is 
       0.7494
  
 chi+ from positive density variation is 
       0.7503
  
 chi and phi integrals
       0.7498       0.7365
  
 3. Centroid coordinates (bohr) from n-/n+ densities, zeta(+/-) 
  
 n- centroid coordinates
       1.4505       2.9104      -0.0002
  
 n+ centroid coordinates
      -1.9162      -3.8464      -0.0031
  
 CT distance from n-/n+ in Bohr and Angstrom
       7.5491       3.9948
  
 4. Centroid coordinates (bohr) from D/A, zeta(D/A)
  
 Detachment density centroid coordinates
       1.0624       2.1314      -0.0002
  
 Attachment density centroid coordinates
      -1.4171      -2.8449      -0.0024
  
 CT distance from D/A in Bohr and Angstrom
       5.5599       2.9422
  
 5. phiS (D/A overlap) and psi indices calculation
  
 phiS integral value
       0.5985
  
 psi descriptor value
       0.4344
  
 NB: Centroid coordinates are given with respect 
 to the cube used for the numerical integration
  
General information collected into mesra_general_info

            ********************
            *                  *
            *  MESRA software  *
            *                  *
            ********************

 Jobtype: dau                                                                                                                             
 Number of excited states computed, and target transition
           3           1
 Number of alpha and beta electrons
           8           7
 Number of atomic and molecular (spin)orbitals
          22          22

 # Part A - Alpha density matrices
 Largest eigenvalues (> 0.1, if any)


 No eigenvalue superior to 0.1

 Integral of detachment/attachment density
     0.0250
 Hole/particle overlap (phiS, from PA)
     0.4587
 Fraction of D/A contributing to the net displaced charge (phi, from PA)
     0.8202
 psi (from PA)
     0.3246

 # Part B - Beta density matrices
 Largest eigenvalues (> 0.1, if any)

 eig-  -0.98166
 eig+   0.98162

 Integral of detachment/attachment density
     0.9850
 Hole/particle overlap (phiS, from PA)
     0.5616
 Fraction of D/A contributing to the net displaced charge (phi, from PA)
     0.7885
 psi (from PA)
     0.3940


            ********************
            *                  *
            *  MESRA software  *
            *                  *
            ********************

 Jobtype: orbsXY                                                                                                                          
 Number of excited states computed, and target transition
           3           1
 Number of alpha and beta electrons
           8           7
 Number of atomic and molecular (spin)orbitals
          22          22

 # Part A - Alpha orbitals

 (x^dagger)x + (y^dagger)y
     0.02505
 ((x+y)^dagger)(x+y), and its square root
     0.03574     0.18906
 (x^dagger)x - (y^dagger)y
     0.02207
 CTOs residue
     0.00000

 # pNTOs computation

 If the square of a singular value contributes
 by more than ten percent to the sum of squared
 singular values, it is reported below

 Singular value, squared singular value, and percentage of its contribution

     0.15712     0.02469        98.6

 # CTOs computation

 If the square of a singular value contributes
 by more than ten percent to the sum of squared
 singular values, it is reported below

 Singular value, squared singular value, and percentage of its contribution

     0.99789     0.99578        99.6

 # aNTOs computation

 If the square of a singular value contributes
 by more than ten percent to the sum of squared
 singular values, it is reported below

 Singular value, squared singular value, and percentage of its contribution

     0.99012     0.98034        98.0

 # Part B - Beta orbitals

 (x^dagger)x + (y^dagger)y
     0.98498
 ((x+y)^dagger)(x+y), and its square root
     1.04965     1.02452
 (x^dagger)x - (y^dagger)y
     0.97793
 CTOs residue
     0.00340

 # pNTOs computation

 If the square of a singular value contributes
 by more than ten percent to the sum of squared
 singular values, it is reported below

 Singular value, squared singular value, and percentage of its contribution

     0.99079     0.98166        99.7

 # CTOs computation

 If the square of a singular value contributes
 by more than ten percent to the sum of squared
 singular values, it is reported below

 Singular value, squared singular value, and percentage of its contribution

     0.99913     0.99827        99.8

 # aNTOs computation

 If the square of a singular value contributes
 by more than ten percent to the sum of squared
 singular values, it is reported below

 Singular value, squared singular value, and percentage of its contribution

     0.99706     0.99412        99.4


            ********************
            *                  *
            *  MESRA software  *
            *                  *
            ********************

 Jobtype: adiabZ                                                                                                                          
 Number of excited states computed, and target transition
           3           1
 Number of alpha and beta electrons
           8           7
 Number of atomic and molecular (spin)orbitals
          22          22

 # Part A - Alpha density matrices

 Trace of alpha ZZ^dagger (eta)
     0.00438

 # xi, Trace of ZZ^dagger, R, Relaxed phiS (Lowdin)

    0.00  0.0000  0.0000  0.4587
    0.01  0.0000  0.0000  0.4587
    0.02  0.0000  0.0001  0.4587
    0.03  0.0000  0.0002  0.4588
    0.04  0.0000  0.0003  0.4588
    0.05  0.0000  0.0004  0.4589
    0.06  0.0000  0.0006  0.4590
    0.07  0.0000  0.0009  0.4591
    0.08  0.0000  0.0011  0.4593
    0.09  0.0000  0.0014  0.4594
    0.10  0.0000  0.0017  0.4596
    0.11  0.0001  0.0021  0.4598
    0.12  0.0001  0.0025  0.4600
    0.13  0.0001  0.0029  0.4603
    0.14  0.0001  0.0034  0.4605
    0.15  0.0001  0.0039  0.4608
    0.16  0.0001  0.0045  0.4611
    0.17  0.0001  0.0050  0.4614
    0.18  0.0001  0.0056  0.4617
    0.19  0.0002  0.0063  0.4621
    0.20  0.0002  0.0069  0.4624
    0.21  0.0002  0.0077  0.4628
    0.22  0.0002  0.0084  0.4632
    0.23  0.0002  0.0092  0.4636
    0.24  0.0003  0.0100  0.4641
    0.25  0.0003  0.0108  0.4645
    0.26  0.0003  0.0117  0.4650
    0.27  0.0003  0.0126  0.4655
    0.28  0.0003  0.0135  0.4660
    0.29  0.0004  0.0145  0.4665
    0.30  0.0004  0.0155  0.4671
    0.31  0.0004  0.0165  0.4676
    0.32  0.0004  0.0176  0.4682
    0.33  0.0005  0.0187  0.4688
    0.34  0.0005  0.0198  0.4694
    0.35  0.0005  0.0210  0.4700
    0.36  0.0006  0.0222  0.4707
    0.37  0.0006  0.0234  0.4713
    0.38  0.0006  0.0246  0.4720
    0.39  0.0007  0.0259  0.4727
    0.40  0.0007  0.0272  0.4734
    0.41  0.0007  0.0286  0.4741
    0.42  0.0008  0.0299  0.4749
    0.43  0.0008  0.0313  0.4756
    0.44  0.0008  0.0328  0.4764
    0.45  0.0009  0.0342  0.4772
    0.46  0.0009  0.0357  0.4780
    0.47  0.0010  0.0372  0.4788
    0.48  0.0010  0.0387  0.4796
    0.49  0.0011  0.0403  0.4805
    0.50  0.0011  0.0419  0.4814
    0.51  0.0011  0.0435  0.4822
    0.52  0.0012  0.0452  0.4831
    0.53  0.0012  0.0468  0.4840
    0.54  0.0013  0.0485  0.4849
    0.55  0.0013  0.0503  0.4859
    0.56  0.0014  0.0520  0.4868
    0.57  0.0014  0.0538  0.4878
    0.58  0.0015  0.0556  0.4888
    0.59  0.0015  0.0574  0.4897
    0.60  0.0016  0.0593  0.4907
    0.61  0.0016  0.0611  0.4918
    0.62  0.0017  0.0630  0.4928
    0.63  0.0017  0.0649  0.4938
    0.64  0.0018  0.0669  0.4949
    0.65  0.0019  0.0688  0.4959
    0.66  0.0019  0.0708  0.4970
    0.67  0.0020  0.0728  0.4981
    0.68  0.0020  0.0748  0.4992
    0.69  0.0021  0.0769  0.5003
    0.70  0.0021  0.0790  0.5014
    0.71  0.0022  0.0810  0.5025
    0.72  0.0023  0.0832  0.5037
    0.73  0.0023  0.0853  0.5048
    0.74  0.0024  0.0874  0.5060
    0.75  0.0025  0.0896  0.5072
    0.76  0.0025  0.0918  0.5083
    0.77  0.0026  0.0940  0.5095
    0.78  0.0027  0.0962  0.5107
    0.79  0.0027  0.0984  0.5120
    0.80  0.0028  0.1007  0.5132
    0.81  0.0029  0.1030  0.5144
    0.82  0.0029  0.1053  0.5156
    0.83  0.0030  0.1076  0.5169
    0.84  0.0031  0.1099  0.5181
    0.85  0.0032  0.1122  0.5194
    0.86  0.0032  0.1146  0.5207
    0.87  0.0033  0.1169  0.5220
    0.88  0.0034  0.1193  0.5233
    0.89  0.0035  0.1217  0.5246
    0.90  0.0035  0.1241  0.5259
    0.91  0.0036  0.1265  0.5272
    0.92  0.0037  0.1290  0.5285
    0.93  0.0038  0.1314  0.5298
    0.94  0.0039  0.1339  0.5311
    0.95  0.0040  0.1364  0.5325
    0.96  0.0040  0.1388  0.5338
    0.97  0.0041  0.1413  0.5352
    0.98  0.0042  0.1439  0.5365
    0.99  0.0043  0.1464  0.5379
    1.00  0.0044  0.1489  0.5393

 # Part B - Beta density matrices

 Trace of beta ZZ^dagger (eta)
      0.00177

 # xi, Trace of ZZ^dagger, R, Relaxed phiS (Lowdin)

    0.00  0.0000  0.0000  0.5616
    0.01  0.0000  0.0000  0.5616
    0.02  0.0000  0.0000  0.5616
    0.03  0.0000  0.0000  0.5616
    0.04  0.0000  0.0000  0.5616
    0.05  0.0000  0.0000  0.5616
    0.06  0.0000  0.0000  0.5616
    0.07  0.0000  0.0000  0.5616
    0.08  0.0000  0.0000  0.5616
    0.09  0.0000  0.0000  0.5616
    0.10  0.0000  0.0000  0.5616
    0.11  0.0000  0.0000  0.5616
    0.12  0.0000  0.0000  0.5616
    0.13  0.0000  0.0000  0.5616
    0.14  0.0000  0.0000  0.5616
    0.15  0.0000  0.0000  0.5616
    0.16  0.0000  0.0000  0.5616
    0.17  0.0001  0.0001  0.5616
    0.18  0.0001  0.0001  0.5616
    0.19  0.0001  0.0001  0.5616
    0.20  0.0001  0.0001  0.5616
    0.21  0.0001  0.0001  0.5616
    0.22  0.0001  0.0001  0.5616
    0.23  0.0001  0.0001  0.5616
    0.24  0.0001  0.0001  0.5616
    0.25  0.0001  0.0001  0.5616
    0.26  0.0001  0.0001  0.5616
    0.27  0.0001  0.0001  0.5616
    0.28  0.0001  0.0001  0.5616
    0.29  0.0001  0.0002  0.5616
    0.30  0.0002  0.0002  0.5616
    0.31  0.0002  0.0002  0.5616
    0.32  0.0002  0.0002  0.5616
    0.33  0.0002  0.0002  0.5616
    0.34  0.0002  0.0002  0.5616
    0.35  0.0002  0.0002  0.5617
    0.36  0.0002  0.0002  0.5617
    0.37  0.0002  0.0002  0.5617
    0.38  0.0003  0.0003  0.5617
    0.39  0.0003  0.0003  0.5617
    0.40  0.0003  0.0003  0.5617
    0.41  0.0003  0.0003  0.5617
    0.42  0.0003  0.0003  0.5617
    0.43  0.0003  0.0003  0.5617
    0.44  0.0003  0.0003  0.5617
    0.45  0.0004  0.0004  0.5617
    0.46  0.0004  0.0004  0.5617
    0.47  0.0004  0.0004  0.5617
    0.48  0.0004  0.0004  0.5617
    0.49  0.0004  0.0004  0.5617
    0.50  0.0004  0.0004  0.5618
    0.51  0.0005  0.0005  0.5618
    0.52  0.0005  0.0005  0.5618
    0.53  0.0005  0.0005  0.5618
    0.54  0.0005  0.0005  0.5618
    0.55  0.0005  0.0005  0.5618
    0.56  0.0006  0.0006  0.5618
    0.57  0.0006  0.0006  0.5618
    0.58  0.0006  0.0006  0.5618
    0.59  0.0006  0.0006  0.5618
    0.60  0.0006  0.0006  0.5618
    0.61  0.0007  0.0007  0.5618
    0.62  0.0007  0.0007  0.5619
    0.63  0.0007  0.0007  0.5619
    0.64  0.0007  0.0007  0.5619
    0.65  0.0007  0.0008  0.5619
    0.66  0.0008  0.0008  0.5619
    0.67  0.0008  0.0008  0.5619
    0.68  0.0008  0.0008  0.5619
    0.69  0.0008  0.0009  0.5619
    0.70  0.0009  0.0009  0.5619
    0.71  0.0009  0.0009  0.5619
    0.72  0.0009  0.0009  0.5620
    0.73  0.0009  0.0010  0.5620
    0.74  0.0010  0.0010  0.5620
    0.75  0.0010  0.0010  0.5620
    0.76  0.0010  0.0010  0.5620
    0.77  0.0010  0.0011  0.5620
    0.78  0.0011  0.0011  0.5620
    0.79  0.0011  0.0011  0.5620
    0.80  0.0011  0.0011  0.5621
    0.81  0.0012  0.0012  0.5621
    0.82  0.0012  0.0012  0.5621
    0.83  0.0012  0.0012  0.5621
    0.84  0.0012  0.0013  0.5621
    0.85  0.0013  0.0013  0.5621
    0.86  0.0013  0.0013  0.5621
    0.87  0.0013  0.0014  0.5621
    0.88  0.0014  0.0014  0.5622
    0.89  0.0014  0.0014  0.5622
    0.90  0.0014  0.0015  0.5622
    0.91  0.0015  0.0015  0.5622
    0.92  0.0015  0.0015  0.5622
    0.93  0.0015  0.0015  0.5622
    0.94  0.0016  0.0016  0.5622
    0.95  0.0016  0.0016  0.5623
    0.96  0.0016  0.0016  0.5623
    0.97  0.0017  0.0017  0.5623
    0.98  0.0017  0.0017  0.5623
    0.99  0.0017  0.0018  0.5623
    1.00  0.0018  0.0018  0.5623

            ********************
            *                  *
            *  MESRA software  *
            *                  *
            ********************

 Jobtype: daXY                                                                                                                            
 Number of excited states computed, and target transition
           3           1
 Number of alpha and beta electrons
           8           7
 Number of atomic and molecular (spin)orbitals
          22          22

 # Part A - Alpha density matrices
  x value:  0.00

 Integral of detachment/attachment density
     0.0250
 Hole/particle overlap (phiS, from PA)
     0.4428
 Fraction of D/A contributing to the net displaced charge (phi, from PA)
     0.8299
 psi (from PA)
     0.3120

  x value:  0.01

 Integral of detachment/attachment density
     0.0250
 Hole/particle overlap (phiS, from PA)
     0.4435
 Fraction of D/A contributing to the net displaced charge (phi, from PA)
     0.8295
 psi (from PA)
     0.3126

  x value:  0.02

 Integral of detachment/attachment density
     0.0250
 Hole/particle overlap (phiS, from PA)
     0.4442
 Fraction of D/A contributing to the net displaced charge (phi, from PA)
     0.8290
 psi (from PA)
     0.3132

  x value:  0.03

 Integral of detachment/attachment density
     0.0250
 Hole/particle overlap (phiS, from PA)
     0.4449
 Fraction of D/A contributing to the net displaced charge (phi, from PA)
     0.8286
 psi (from PA)
     0.3137

  x value:  0.04

 Integral of detachment/attachment density
     0.0250
 Hole/particle overlap (phiS, from PA)
     0.4456
 Fraction of D/A contributing to the net displaced charge (phi, from PA)
     0.8282
 psi (from PA)
     0.3142

  x value:  0.05

 Integral of detachment/attachment density
     0.0250
 Hole/particle overlap (phiS, from PA)
     0.4463
 Fraction of D/A contributing to the net displaced charge (phi, from PA)
     0.8279
 psi (from PA)
     0.3148

  x value:  0.06

 Integral of detachment/attachment density
     0.0250
 Hole/particle overlap (phiS, from PA)
     0.4469
 Fraction of D/A contributing to the net displaced charge (phi, from PA)
     0.8275
 psi (from PA)
     0.3152

  x value:  0.07

 Integral of detachment/attachment density
     0.0250
 Hole/particle overlap (phiS, from PA)
     0.4475
 Fraction of D/A contributing to the net displaced charge (phi, from PA)
     0.8271
 psi (from PA)
     0.3157

  x value:  0.08

 Integral of detachment/attachment density
     0.0250
 Hole/particle overlap (phiS, from PA)
     0.4481
 Fraction of D/A contributing to the net displaced charge (phi, from PA)
     0.8268
 psi (from PA)
     0.3162

  x value:  0.09

 Integral of detachment/attachment density
     0.0250
 Hole/particle overlap (phiS, from PA)
     0.4487
 Fraction of D/A contributing to the net displaced charge (phi, from PA)
     0.8265
 psi (from PA)
     0.3166

  x value:  0.10

 Integral of detachment/attachment density
     0.0250
 Hole/particle overlap (phiS, from PA)
     0.4492
 Fraction of D/A contributing to the net displaced charge (phi, from PA)
     0.8262
 psi (from PA)
     0.3170

  x value:  0.11

 Integral of detachment/attachment density
     0.0250
 Hole/particle overlap (phiS, from PA)
     0.4497
 Fraction of D/A contributing to the net displaced charge (phi, from PA)
     0.8258
 psi (from PA)
     0.3175

  x value:  0.12

 Integral of detachment/attachment density
     0.0250
 Hole/particle overlap (phiS, from PA)
     0.4502
 Fraction of D/A contributing to the net displaced charge (phi, from PA)
     0.8255
 psi (from PA)
     0.3178

  x value:  0.13

 Integral of detachment/attachment density
     0.0250
 Hole/particle overlap (phiS, from PA)
     0.4507
 Fraction of D/A contributing to the net displaced charge (phi, from PA)
     0.8253
 psi (from PA)
     0.3182

  x value:  0.14

 Integral of detachment/attachment density
     0.0250
 Hole/particle overlap (phiS, from PA)
     0.4512
 Fraction of D/A contributing to the net displaced charge (phi, from PA)
     0.8250
 psi (from PA)
     0.3186

  x value:  0.15

 Integral of detachment/attachment density
     0.0250
 Hole/particle overlap (phiS, from PA)
     0.4516
 Fraction of D/A contributing to the net displaced charge (phi, from PA)
     0.8247
 psi (from PA)
     0.3190

  x value:  0.16

 Integral of detachment/attachment density
     0.0250
 Hole/particle overlap (phiS, from PA)
     0.4520
 Fraction of D/A contributing to the net displaced charge (phi, from PA)
     0.8244
 psi (from PA)
     0.3193

  x value:  0.17

 Integral of detachment/attachment density
     0.0250
 Hole/particle overlap (phiS, from PA)
     0.4525
 Fraction of D/A contributing to the net displaced charge (phi, from PA)
     0.8242
 psi (from PA)
     0.3196

  x value:  0.18

 Integral of detachment/attachment density
     0.0250
 Hole/particle overlap (phiS, from PA)
     0.4529
 Fraction of D/A contributing to the net displaced charge (phi, from PA)
     0.8239
 psi (from PA)
     0.3199

  x value:  0.19

 Integral of detachment/attachment density
     0.0250
 Hole/particle overlap (phiS, from PA)
     0.4532
 Fraction of D/A contributing to the net displaced charge (phi, from PA)
     0.8237
 psi (from PA)
     0.3202

  x value:  0.20

 Integral of detachment/attachment density
     0.0250
 Hole/particle overlap (phiS, from PA)
     0.4536
 Fraction of D/A contributing to the net displaced charge (phi, from PA)
     0.8235
 psi (from PA)
     0.3205

  x value:  0.21

 Integral of detachment/attachment density
     0.0250
 Hole/particle overlap (phiS, from PA)
     0.4540
 Fraction of D/A contributing to the net displaced charge (phi, from PA)
     0.8232
 psi (from PA)
     0.3208

  x value:  0.22

 Integral of detachment/attachment density
     0.0250
 Hole/particle overlap (phiS, from PA)
     0.4543
 Fraction of D/A contributing to the net displaced charge (phi, from PA)
     0.8230
 psi (from PA)
     0.3211

  x value:  0.23

 Integral of detachment/attachment density
     0.0250
 Hole/particle overlap (phiS, from PA)
     0.4546
 Fraction of D/A contributing to the net displaced charge (phi, from PA)
     0.8228
 psi (from PA)
     0.3213

  x value:  0.24

 Integral of detachment/attachment density
     0.0250
 Hole/particle overlap (phiS, from PA)
     0.4549
 Fraction of D/A contributing to the net displaced charge (phi, from PA)
     0.8226
 psi (from PA)
     0.3216

  x value:  0.25

 Integral of detachment/attachment density
     0.0250
 Hole/particle overlap (phiS, from PA)
     0.4552
 Fraction of D/A contributing to the net displaced charge (phi, from PA)
     0.8224
 psi (from PA)
     0.3218

  x value:  0.26

 Integral of detachment/attachment density
     0.0250
 Hole/particle overlap (phiS, from PA)
     0.4555
 Fraction of D/A contributing to the net displaced charge (phi, from PA)
     0.8222
 psi (from PA)
     0.3221

  x value:  0.27

 Integral of detachment/attachment density
     0.0250
 Hole/particle overlap (phiS, from PA)
     0.4558
 Fraction of D/A contributing to the net displaced charge (phi, from PA)
     0.8221
 psi (from PA)
     0.3223

  x value:  0.28

 Integral of detachment/attachment density
     0.0250
 Hole/particle overlap (phiS, from PA)
     0.4560
 Fraction of D/A contributing to the net displaced charge (phi, from PA)
     0.8219
 psi (from PA)
     0.3225

  x value:  0.29

 Integral of detachment/attachment density
     0.0250
 Hole/particle overlap (phiS, from PA)
     0.4563
 Fraction of D/A contributing to the net displaced charge (phi, from PA)
     0.8217
 psi (from PA)
     0.3227

  x value:  0.30

 Integral of detachment/attachment density
     0.0250
 Hole/particle overlap (phiS, from PA)
     0.4565
 Fraction of D/A contributing to the net displaced charge (phi, from PA)
     0.8216
 psi (from PA)
     0.3229

  x value:  0.31

 Integral of detachment/attachment density
     0.0250
 Hole/particle overlap (phiS, from PA)
     0.4567
 Fraction of D/A contributing to the net displaced charge (phi, from PA)
     0.8215
 psi (from PA)
     0.3230

  x value:  0.32

 Integral of detachment/attachment density
     0.0250
 Hole/particle overlap (phiS, from PA)
     0.4569
 Fraction of D/A contributing to the net displaced charge (phi, from PA)
     0.8213
 psi (from PA)
     0.3232

  x value:  0.33

 Integral of detachment/attachment density
     0.0250
 Hole/particle overlap (phiS, from PA)
     0.4571
 Fraction of D/A contributing to the net displaced charge (phi, from PA)
     0.8212
 psi (from PA)
     0.3234

  x value:  0.34

 Integral of detachment/attachment density
     0.0250
 Hole/particle overlap (phiS, from PA)
     0.4573
 Fraction of D/A contributing to the net displaced charge (phi, from PA)
     0.8211
 psi (from PA)
     0.3235

  x value:  0.35

 Integral of detachment/attachment density
     0.0250
 Hole/particle overlap (phiS, from PA)
     0.4575
 Fraction of D/A contributing to the net displaced charge (phi, from PA)
     0.8210
 psi (from PA)
     0.3236

  x value:  0.36

 Integral of detachment/attachment density
     0.0250
 Hole/particle overlap (phiS, from PA)
     0.4576
 Fraction of D/A contributing to the net displaced charge (phi, from PA)
     0.8209
 psi (from PA)
     0.3238

  x value:  0.37

 Integral of detachment/attachment density
     0.0250
 Hole/particle overlap (phiS, from PA)
     0.4578
 Fraction of D/A contributing to the net displaced charge (phi, from PA)
     0.8208
 psi (from PA)
     0.3239

  x value:  0.38

 Integral of detachment/attachment density
     0.0250
 Hole/particle overlap (phiS, from PA)
     0.4579
 Fraction of D/A contributing to the net displaced charge (phi, from PA)
     0.8207
 psi (from PA)
     0.3240

  x value:  0.39

 Integral of detachment/attachment density
     0.0250
 Hole/particle overlap (phiS, from PA)
     0.4580
 Fraction of D/A contributing to the net displaced charge (phi, from PA)
     0.8206
 psi (from PA)
     0.3241

  x value:  0.40

 Integral of detachment/attachment density
     0.0250
 Hole/particle overlap (phiS, from PA)
     0.4581
 Fraction of D/A contributing to the net displaced charge (phi, from PA)
     0.8205
 psi (from PA)
     0.3242

  x value:  0.41

 Integral of detachment/attachment density
     0.0250
 Hole/particle overlap (phiS, from PA)
     0.4582
 Fraction of D/A contributing to the net displaced charge (phi, from PA)
     0.8204
 psi (from PA)
     0.3243

  x value:  0.42

 Integral of detachment/attachment density
     0.0250
 Hole/particle overlap (phiS, from PA)
     0.4583
 Fraction of D/A contributing to the net displaced charge (phi, from PA)
     0.8204
 psi (from PA)
     0.3243

  x value:  0.43

 Integral of detachment/attachment density
     0.0250
 Hole/particle overlap (phiS, from PA)
     0.4584
 Fraction of D/A contributing to the net displaced charge (phi, from PA)
     0.8203
 psi (from PA)
     0.3244

  x value:  0.44

 Integral of detachment/attachment density
     0.0250
 Hole/particle overlap (phiS, from PA)
     0.4585
 Fraction of D/A contributing to the net displaced charge (phi, from PA)
     0.8203
 psi (from PA)
     0.3245

  x value:  0.45

 Integral of detachment/attachment density
     0.0250
 Hole/particle overlap (phiS, from PA)
     0.4585
 Fraction of D/A contributing to the net displaced charge (phi, from PA)
     0.8202
 psi (from PA)
     0.3245

  x value:  0.46

 Integral of detachment/attachment density
     0.0250
 Hole/particle overlap (phiS, from PA)
     0.4586
 Fraction of D/A contributing to the net displaced charge (phi, from PA)
     0.8202
 psi (from PA)
     0.3246

  x value:  0.47

 Integral of detachment/attachment density
     0.0250
 Hole/particle overlap (phiS, from PA)
     0.4586
 Fraction of D/A contributing to the net displaced charge (phi, from PA)
     0.8202
 psi (from PA)
     0.3246

  x value:  0.48

 Integral of detachment/attachment density
     0.0250
 Hole/particle overlap (phiS, from PA)
     0.4586
 Fraction of D/A contributing to the net displaced charge (phi, from PA)
     0.8202
 psi (from PA)
     0.3246

  x value:  0.49

 Integral of detachment/attachment density
     0.0250
 Hole/particle overlap (phiS, from PA)
     0.4587
 Fraction of D/A contributing to the net displaced charge (phi, from PA)
     0.8202
 psi (from PA)
     0.3246

  x value:  0.50

 Integral of detachment/attachment density
     0.0250
 Hole/particle overlap (phiS, from PA)
     0.4587
 Fraction of D/A contributing to the net displaced charge (phi, from PA)
     0.8202
 psi (from PA)
     0.3246

  x value:  0.51

 Integral of detachment/attachment density
     0.0250
 Hole/particle overlap (phiS, from PA)
     0.4587
 Fraction of D/A contributing to the net displaced charge (phi, from PA)
     0.8202
 psi (from PA)
     0.3246

  x value:  0.52

 Integral of detachment/attachment density
     0.0250
 Hole/particle overlap (phiS, from PA)
     0.4586
 Fraction of D/A contributing to the net displaced charge (phi, from PA)
     0.8202
 psi (from PA)
     0.3246

  x value:  0.53

 Integral of detachment/attachment density
     0.0250
 Hole/particle overlap (phiS, from PA)
     0.4586
 Fraction of D/A contributing to the net displaced charge (phi, from PA)
     0.8202
 psi (from PA)
     0.3246

  x value:  0.54

 Integral of detachment/attachment density
     0.0250
 Hole/particle overlap (phiS, from PA)
     0.4586
 Fraction of D/A contributing to the net displaced charge (phi, from PA)
     0.8202
 psi (from PA)
     0.3246

  x value:  0.55

 Integral of detachment/attachment density
     0.0250
 Hole/particle overlap (phiS, from PA)
     0.4585
 Fraction of D/A contributing to the net displaced charge (phi, from PA)
     0.8202
 psi (from PA)
     0.3245

  x value:  0.56

 Integral of detachment/attachment density
     0.0250
 Hole/particle overlap (phiS, from PA)
     0.4585
 Fraction of D/A contributing to the net displaced charge (phi, from PA)
     0.8203
 psi (from PA)
     0.3245

  x value:  0.57

 Integral of detachment/attachment density
     0.0250
 Hole/particle overlap (phiS, from PA)
     0.4584
 Fraction of D/A contributing to the net displaced charge (phi, from PA)
     0.8203
 psi (from PA)
     0.3244

  x value:  0.58

 Integral of detachment/attachment density
     0.0250
 Hole/particle overlap (phiS, from PA)
     0.4583
 Fraction of D/A contributing to the net displaced charge (phi, from PA)
     0.8204
 psi (from PA)
     0.3243

  x value:  0.59

 Integral of detachment/attachment density
     0.0250
 Hole/particle overlap (phiS, from PA)
     0.4582
 Fraction of D/A contributing to the net displaced charge (phi, from PA)
     0.8204
 psi (from PA)
     0.3243

  x value:  0.60

 Integral of detachment/attachment density
     0.0250
 Hole/particle overlap (phiS, from PA)
     0.4581
 Fraction of D/A contributing to the net displaced charge (phi, from PA)
     0.8205
 psi (from PA)
     0.3242

  x value:  0.61

 Integral of detachment/attachment density
     0.0250
 Hole/particle overlap (phiS, from PA)
     0.4580
 Fraction of D/A contributing to the net displaced charge (phi, from PA)
     0.8206
 psi (from PA)
     0.3241

  x value:  0.62

 Integral of detachment/attachment density
     0.0250
 Hole/particle overlap (phiS, from PA)
     0.4579
 Fraction of D/A contributing to the net displaced charge (phi, from PA)
     0.8207
 psi (from PA)
     0.3240

  x value:  0.63

 Integral of detachment/attachment density
     0.0250
 Hole/particle overlap (phiS, from PA)
     0.4578
 Fraction of D/A contributing to the net displaced charge (phi, from PA)
     0.8208
 psi (from PA)
     0.3239

  x value:  0.64

 Integral of detachment/attachment density
     0.0250
 Hole/particle overlap (phiS, from PA)
     0.4576
 Fraction of D/A contributing to the net displaced charge (phi, from PA)
     0.8209
 psi (from PA)
     0.3238

  x value:  0.65

 Integral of detachment/attachment density
     0.0250
 Hole/particle overlap (phiS, from PA)
     0.4575
 Fraction of D/A contributing to the net displaced charge (phi, from PA)
     0.8210
 psi (from PA)
     0.3236

  x value:  0.66

 Integral of detachment/attachment density
     0.0250
 Hole/particle overlap (phiS, from PA)
     0.4573
 Fraction of D/A contributing to the net displaced charge (phi, from PA)
     0.8211
 psi (from PA)
     0.3235

  x value:  0.67

 Integral of detachment/attachment density
     0.0250
 Hole/particle overlap (phiS, from PA)
     0.4571
 Fraction of D/A contributing to the net displaced charge (phi, from PA)
     0.8212
 psi (from PA)
     0.3234

  x value:  0.68

 Integral of detachment/attachment density
     0.0250
 Hole/particle overlap (phiS, from PA)
     0.4569
 Fraction of D/A contributing to the net displaced charge (phi, from PA)
     0.8213
 psi (from PA)
     0.3232

  x value:  0.69

 Integral of detachment/attachment density
     0.0250
 Hole/particle overlap (phiS, from PA)
     0.4567
 Fraction of D/A contributing to the net displaced charge (phi, from PA)
     0.8215
 psi (from PA)
     0.3230

  x value:  0.70

 Integral of detachment/attachment density
     0.0250
 Hole/particle overlap (phiS, from PA)
     0.4565
 Fraction of D/A contributing to the net displaced charge (phi, from PA)
     0.8216
 psi (from PA)
     0.3229

  x value:  0.71

 Integral of detachment/attachment density
     0.0250
 Hole/particle overlap (phiS, from PA)
     0.4563
 Fraction of D/A contributing to the net displaced charge (phi, from PA)
     0.8217
 psi (from PA)
     0.3227

  x value:  0.72

 Integral of detachment/attachment density
     0.0250
 Hole/particle overlap (phiS, from PA)
     0.4560
 Fraction of D/A contributing to the net displaced charge (phi, from PA)
     0.8219
 psi (from PA)
     0.3225

  x value:  0.73

 Integral of detachment/attachment density
     0.0250
 Hole/particle overlap (phiS, from PA)
     0.4558
 Fraction of D/A contributing to the net displaced charge (phi, from PA)
     0.8221
 psi (from PA)
     0.3223

  x value:  0.74

 Integral of detachment/attachment density
     0.0250
 Hole/particle overlap (phiS, from PA)
     0.4555
 Fraction of D/A contributing to the net displaced charge (phi, from PA)
     0.8222
 psi (from PA)
     0.3221

  x value:  0.75

 Integral of detachment/attachment density
     0.0250
 Hole/particle overlap (phiS, from PA)
     0.4552
 Fraction of D/A contributing to the net displaced charge (phi, from PA)
     0.8224
 psi (from PA)
     0.3218

  x value:  0.76

 Integral of detachment/attachment density
     0.0250
 Hole/particle overlap (phiS, from PA)
     0.4549
 Fraction of D/A contributing to the net displaced charge (phi, from PA)
     0.8226
 psi (from PA)
     0.3216

  x value:  0.77

 Integral of detachment/attachment density
     0.0250
 Hole/particle overlap (phiS, from PA)
     0.4546
 Fraction of D/A contributing to the net displaced charge (phi, from PA)
     0.8228
 psi (from PA)
     0.3213

  x value:  0.78

 Integral of detachment/attachment density
     0.0250
 Hole/particle overlap (phiS, from PA)
     0.4543
 Fraction of D/A contributing to the net displaced charge (phi, from PA)
     0.8230
 psi (from PA)
     0.3211

  x value:  0.79

 Integral of detachment/attachment density
     0.0250
 Hole/particle overlap (phiS, from PA)
     0.4540
 Fraction of D/A contributing to the net displaced charge (phi, from PA)
     0.8232
 psi (from PA)
     0.3208

  x value:  0.80

 Integral of detachment/attachment density
     0.0250
 Hole/particle overlap (phiS, from PA)
     0.4536
 Fraction of D/A contributing to the net displaced charge (phi, from PA)
     0.8235
 psi (from PA)
     0.3205

  x value:  0.81

 Integral of detachment/attachment density
     0.0250
 Hole/particle overlap (phiS, from PA)
     0.4532
 Fraction of D/A contributing to the net displaced charge (phi, from PA)
     0.8237
 psi (from PA)
     0.3202

  x value:  0.82

 Integral of detachment/attachment density
     0.0250
 Hole/particle overlap (phiS, from PA)
     0.4529
 Fraction of D/A contributing to the net displaced charge (phi, from PA)
     0.8239
 psi (from PA)
     0.3199

  x value:  0.83

 Integral of detachment/attachment density
     0.0250
 Hole/particle overlap (phiS, from PA)
     0.4525
 Fraction of D/A contributing to the net displaced charge (phi, from PA)
     0.8242
 psi (from PA)
     0.3196

  x value:  0.84

 Integral of detachment/attachment density
     0.0250
 Hole/particle overlap (phiS, from PA)
     0.4520
 Fraction of D/A contributing to the net displaced charge (phi, from PA)
     0.8244
 psi (from PA)
     0.3193

  x value:  0.85

 Integral of detachment/attachment density
     0.0250
 Hole/particle overlap (phiS, from PA)
     0.4516
 Fraction of D/A contributing to the net displaced charge (phi, from PA)
     0.8247
 psi (from PA)
     0.3190

  x value:  0.86

 Integral of detachment/attachment density
     0.0250
 Hole/particle overlap (phiS, from PA)
     0.4512
 Fraction of D/A contributing to the net displaced charge (phi, from PA)
     0.8250
 psi (from PA)
     0.3186

  x value:  0.87

 Integral of detachment/attachment density
     0.0250
 Hole/particle overlap (phiS, from PA)
     0.4507
 Fraction of D/A contributing to the net displaced charge (phi, from PA)
     0.8253
 psi (from PA)
     0.3182

  x value:  0.88

 Integral of detachment/attachment density
     0.0250
 Hole/particle overlap (phiS, from PA)
     0.4502
 Fraction of D/A contributing to the net displaced charge (phi, from PA)
     0.8255
 psi (from PA)
     0.3178

  x value:  0.89

 Integral of detachment/attachment density
     0.0250
 Hole/particle overlap (phiS, from PA)
     0.4497
 Fraction of D/A contributing to the net displaced charge (phi, from PA)
     0.8258
 psi (from PA)
     0.3175

  x value:  0.90

 Integral of detachment/attachment density
     0.0250
 Hole/particle overlap (phiS, from PA)
     0.4492
 Fraction of D/A contributing to the net displaced charge (phi, from PA)
     0.8262
 psi (from PA)
     0.3170

  x value:  0.91

 Integral of detachment/attachment density
     0.0250
 Hole/particle overlap (phiS, from PA)
     0.4487
 Fraction of D/A contributing to the net displaced charge (phi, from PA)
     0.8265
 psi (from PA)
     0.3166

  x value:  0.92

 Integral of detachment/attachment density
     0.0250
 Hole/particle overlap (phiS, from PA)
     0.4481
 Fraction of D/A contributing to the net displaced charge (phi, from PA)
     0.8268
 psi (from PA)
     0.3162

  x value:  0.93

 Integral of detachment/attachment density
     0.0250
 Hole/particle overlap (phiS, from PA)
     0.4475
 Fraction of D/A contributing to the net displaced charge (phi, from PA)
     0.8271
 psi (from PA)
     0.3157

  x value:  0.94

 Integral of detachment/attachment density
     0.0250
 Hole/particle overlap (phiS, from PA)
     0.4469
 Fraction of D/A contributing to the net displaced charge (phi, from PA)
     0.8275
 psi (from PA)
     0.3152

  x value:  0.95

 Integral of detachment/attachment density
     0.0250
 Hole/particle overlap (phiS, from PA)
     0.4463
 Fraction of D/A contributing to the net displaced charge (phi, from PA)
     0.8279
 psi (from PA)
     0.3148

  x value:  0.96

 Integral of detachment/attachment density
     0.0250
 Hole/particle overlap (phiS, from PA)
     0.4456
 Fraction of D/A contributing to the net displaced charge (phi, from PA)
     0.8282
 psi (from PA)
     0.3142

  x value:  0.97

 Integral of detachment/attachment density
     0.0250
 Hole/particle overlap (phiS, from PA)
     0.4449
 Fraction of D/A contributing to the net displaced charge (phi, from PA)
     0.8286
 psi (from PA)
     0.3137

  x value:  0.98

 Integral of detachment/attachment density
     0.0250
 Hole/particle overlap (phiS, from PA)
     0.4442
 Fraction of D/A contributing to the net displaced charge (phi, from PA)
     0.8290
 psi (from PA)
     0.3132

  x value:  0.99

 Integral of detachment/attachment density
     0.0250
 Hole/particle overlap (phiS, from PA)
     0.4435
 Fraction of D/A contributing to the net displaced charge (phi, from PA)
     0.8295
 psi (from PA)
     0.3126

  x value:  1.00

 Integral of detachment/attachment density
     0.0250
 Hole/particle overlap (phiS, from PA)
     0.4428
 Fraction of D/A contributing to the net displaced charge (phi, from PA)
     0.8299
 psi (from PA)
     0.3120

 # Part B - Beta density matrices
  x value:  0.00

 Integral of detachment/attachment density
     0.9850
 Hole/particle overlap (phiS, from PA)
     0.5594
 Fraction of D/A contributing to the net displaced charge (phi, from PA)
     0.7918
 psi (from PA)
     0.3916

  x value:  0.01

 Integral of detachment/attachment density
     0.9850
 Hole/particle overlap (phiS, from PA)
     0.5596
 Fraction of D/A contributing to the net displaced charge (phi, from PA)
     0.7916
 psi (from PA)
     0.3917

  x value:  0.02

 Integral of detachment/attachment density
     0.9850
 Hole/particle overlap (phiS, from PA)
     0.5597
 Fraction of D/A contributing to the net displaced charge (phi, from PA)
     0.7914
 psi (from PA)
     0.3919

  x value:  0.03

 Integral of detachment/attachment density
     0.9850
 Hole/particle overlap (phiS, from PA)
     0.5599
 Fraction of D/A contributing to the net displaced charge (phi, from PA)
     0.7912
 psi (from PA)
     0.3921

  x value:  0.04

 Integral of detachment/attachment density
     0.9850
 Hole/particle overlap (phiS, from PA)
     0.5601
 Fraction of D/A contributing to the net displaced charge (phi, from PA)
     0.7910
 psi (from PA)
     0.3922

  x value:  0.05

 Integral of detachment/attachment density
     0.9850
 Hole/particle overlap (phiS, from PA)
     0.5602
 Fraction of D/A contributing to the net displaced charge (phi, from PA)
     0.7908
 psi (from PA)
     0.3924

  x value:  0.06

 Integral of detachment/attachment density
     0.9850
 Hole/particle overlap (phiS, from PA)
     0.5604
 Fraction of D/A contributing to the net displaced charge (phi, from PA)
     0.7907
 psi (from PA)
     0.3925

  x value:  0.07

 Integral of detachment/attachment density
     0.9850
 Hole/particle overlap (phiS, from PA)
     0.5605
 Fraction of D/A contributing to the net displaced charge (phi, from PA)
     0.7905
 psi (from PA)
     0.3926

  x value:  0.08

 Integral of detachment/attachment density
     0.9850
 Hole/particle overlap (phiS, from PA)
     0.5606
 Fraction of D/A contributing to the net displaced charge (phi, from PA)
     0.7904
 psi (from PA)
     0.3927

  x value:  0.09

 Integral of detachment/attachment density
     0.9850
 Hole/particle overlap (phiS, from PA)
     0.5607
 Fraction of D/A contributing to the net displaced charge (phi, from PA)
     0.7903
 psi (from PA)
     0.3928

  x value:  0.10

 Integral of detachment/attachment density
     0.9850
 Hole/particle overlap (phiS, from PA)
     0.5608
 Fraction of D/A contributing to the net displaced charge (phi, from PA)
     0.7901
 psi (from PA)
     0.3929

  x value:  0.11

 Integral of detachment/attachment density
     0.9850
 Hole/particle overlap (phiS, from PA)
     0.5609
 Fraction of D/A contributing to the net displaced charge (phi, from PA)
     0.7900
 psi (from PA)
     0.3930

  x value:  0.12

 Integral of detachment/attachment density
     0.9850
 Hole/particle overlap (phiS, from PA)
     0.5609
 Fraction of D/A contributing to the net displaced charge (phi, from PA)
     0.7899
 psi (from PA)
     0.3931

  x value:  0.13

 Integral of detachment/attachment density
     0.9850
 Hole/particle overlap (phiS, from PA)
     0.5610
 Fraction of D/A contributing to the net displaced charge (phi, from PA)
     0.7898
 psi (from PA)
     0.3932

  x value:  0.14

 Integral of detachment/attachment density
     0.9850
 Hole/particle overlap (phiS, from PA)
     0.5611
 Fraction of D/A contributing to the net displaced charge (phi, from PA)
     0.7897
 psi (from PA)
     0.3933

  x value:  0.15

 Integral of detachment/attachment density
     0.9850
 Hole/particle overlap (phiS, from PA)
     0.5611
 Fraction of D/A contributing to the net displaced charge (phi, from PA)
     0.7896
 psi (from PA)
     0.3933

  x value:  0.16

 Integral of detachment/attachment density
     0.9850
 Hole/particle overlap (phiS, from PA)
     0.5612
 Fraction of D/A contributing to the net displaced charge (phi, from PA)
     0.7895
 psi (from PA)
     0.3934

  x value:  0.17

 Integral of detachment/attachment density
     0.9850
 Hole/particle overlap (phiS, from PA)
     0.5612
 Fraction of D/A contributing to the net displaced charge (phi, from PA)
     0.7895
 psi (from PA)
     0.3934

  x value:  0.18

 Integral of detachment/attachment density
     0.9850
 Hole/particle overlap (phiS, from PA)
     0.5613
 Fraction of D/A contributing to the net displaced charge (phi, from PA)
     0.7894
 psi (from PA)
     0.3935

  x value:  0.19

 Integral of detachment/attachment density
     0.9850
 Hole/particle overlap (phiS, from PA)
     0.5613
 Fraction of D/A contributing to the net displaced charge (phi, from PA)
     0.7893
 psi (from PA)
     0.3935

  x value:  0.20

 Integral of detachment/attachment density
     0.9850
 Hole/particle overlap (phiS, from PA)
     0.5614
 Fraction of D/A contributing to the net displaced charge (phi, from PA)
     0.7892
 psi (from PA)
     0.3936

  x value:  0.21

 Integral of detachment/attachment density
     0.9850
 Hole/particle overlap (phiS, from PA)
     0.5614
 Fraction of D/A contributing to the net displaced charge (phi, from PA)
     0.7892
 psi (from PA)
     0.3936

  x value:  0.22

 Integral of detachment/attachment density
     0.9850
 Hole/particle overlap (phiS, from PA)
     0.5614
 Fraction of D/A contributing to the net displaced charge (phi, from PA)
     0.7891
 psi (from PA)
     0.3937

  x value:  0.23

 Integral of detachment/attachment density
     0.9850
 Hole/particle overlap (phiS, from PA)
     0.5614
 Fraction of D/A contributing to the net displaced charge (phi, from PA)
     0.7891
 psi (from PA)
     0.3937

  x value:  0.24

 Integral of detachment/attachment density
     0.9850
 Hole/particle overlap (phiS, from PA)
     0.5615
 Fraction of D/A contributing to the net displaced charge (phi, from PA)
     0.7890
 psi (from PA)
     0.3937

  x value:  0.25

 Integral of detachment/attachment density
     0.9850
 Hole/particle overlap (phiS, from PA)
     0.5615
 Fraction of D/A contributing to the net displaced charge (phi, from PA)
     0.7890
 psi (from PA)
     0.3938

  x value:  0.26

 Integral of detachment/attachment density
     0.9850
 Hole/particle overlap (phiS, from PA)
     0.5615
 Fraction of D/A contributing to the net displaced charge (phi, from PA)
     0.7889
 psi (from PA)
     0.3938

  x value:  0.27

 Integral of detachment/attachment density
     0.9850
 Hole/particle overlap (phiS, from PA)
     0.5615
 Fraction of D/A contributing to the net displaced charge (phi, from PA)
     0.7889
 psi (from PA)
     0.3938

  x value:  0.28

 Integral of detachment/attachment density
     0.9850
 Hole/particle overlap (phiS, from PA)
     0.5615
 Fraction of D/A contributing to the net displaced charge (phi, from PA)
     0.7888
 psi (from PA)
     0.3938

  x value:  0.29

 Integral of detachment/attachment density
     0.9850
 Hole/particle overlap (phiS, from PA)
     0.5615
 Fraction of D/A contributing to the net displaced charge (phi, from PA)
     0.7888
 psi (from PA)
     0.3938

  x value:  0.30

 Integral of detachment/attachment density
     0.9850
 Hole/particle overlap (phiS, from PA)
     0.5615
 Fraction of D/A contributing to the net displaced charge (phi, from PA)
     0.7888
 psi (from PA)
     0.3939

  x value:  0.31

 Integral of detachment/attachment density
     0.9850
 Hole/particle overlap (phiS, from PA)
     0.5615
 Fraction of D/A contributing to the net displaced charge (phi, from PA)
     0.7887
 psi (from PA)
     0.3939

  x value:  0.32

 Integral of detachment/attachment density
     0.9850
 Hole/particle overlap (phiS, from PA)
     0.5615
 Fraction of D/A contributing to the net displaced charge (phi, from PA)
     0.7887
 psi (from PA)
     0.3939

  x value:  0.33

 Integral of detachment/attachment density
     0.9850
 Hole/particle overlap (phiS, from PA)
     0.5615
 Fraction of D/A contributing to the net displaced charge (phi, from PA)
     0.7887
 psi (from PA)
     0.3939

  x value:  0.34

 Integral of detachment/attachment density
     0.9850
 Hole/particle overlap (phiS, from PA)
     0.5616
 Fraction of D/A contributing to the net displaced charge (phi, from PA)
     0.7887
 psi (from PA)
     0.3939

  x value:  0.35

 Integral of detachment/attachment density
     0.9850
 Hole/particle overlap (phiS, from PA)
     0.5616
 Fraction of D/A contributing to the net displaced charge (phi, from PA)
     0.7886
 psi (from PA)
     0.3939

  x value:  0.36

 Integral of detachment/attachment density
     0.9850
 Hole/particle overlap (phiS, from PA)
     0.5616
 Fraction of D/A contributing to the net displaced charge (phi, from PA)
     0.7886
 psi (from PA)
     0.3939

  x value:  0.37

 Integral of detachment/attachment density
     0.9850
 Hole/particle overlap (phiS, from PA)
     0.5616
 Fraction of D/A contributing to the net displaced charge (phi, from PA)
     0.7886
 psi (from PA)
     0.3939

  x value:  0.38

 Integral of detachment/attachment density
     0.9850
 Hole/particle overlap (phiS, from PA)
     0.5616
 Fraction of D/A contributing to the net displaced charge (phi, from PA)
     0.7886
 psi (from PA)
     0.3939

  x value:  0.39

 Integral of detachment/attachment density
     0.9850
 Hole/particle overlap (phiS, from PA)
     0.5616
 Fraction of D/A contributing to the net displaced charge (phi, from PA)
     0.7886
 psi (from PA)
     0.3939

  x value:  0.40

 Integral of detachment/attachment density
     0.9850
 Hole/particle overlap (phiS, from PA)
     0.5616
 Fraction of D/A contributing to the net displaced charge (phi, from PA)
     0.7886
 psi (from PA)
     0.3940

  x value:  0.41

 Integral of detachment/attachment density
     0.9850
 Hole/particle overlap (phiS, from PA)
     0.5616
 Fraction of D/A contributing to the net displaced charge (phi, from PA)
     0.7886
 psi (from PA)
     0.3940

  x value:  0.42

 Integral of detachment/attachment density
     0.9850
 Hole/particle overlap (phiS, from PA)
     0.5616
 Fraction of D/A contributing to the net displaced charge (phi, from PA)
     0.7885
 psi (from PA)
     0.3940

  x value:  0.43

 Integral of detachment/attachment density
     0.9850
 Hole/particle overlap (phiS, from PA)
     0.5616
 Fraction of D/A contributing to the net displaced charge (phi, from PA)
     0.7885
 psi (from PA)
     0.3940

  x value:  0.44

 Integral of detachment/attachment density
     0.9850
 Hole/particle overlap (phiS, from PA)
     0.5616
 Fraction of D/A contributing to the net displaced charge (phi, from PA)
     0.7885
 psi (from PA)
     0.3940

  x value:  0.45

 Integral of detachment/attachment density
     0.9850
 Hole/particle overlap (phiS, from PA)
     0.5616
 Fraction of D/A contributing to the net displaced charge (phi, from PA)
     0.7885
 psi (from PA)
     0.3940

  x value:  0.46

 Integral of detachment/attachment density
     0.9850
 Hole/particle overlap (phiS, from PA)
     0.5616
 Fraction of D/A contributing to the net displaced charge (phi, from PA)
     0.7885
 psi (from PA)
     0.3940

  x value:  0.47

 Integral of detachment/attachment density
     0.9850
 Hole/particle overlap (phiS, from PA)
     0.5616
 Fraction of D/A contributing to the net displaced charge (phi, from PA)
     0.7885
 psi (from PA)
     0.3940

  x value:  0.48

 Integral of detachment/attachment density
     0.9850
 Hole/particle overlap (phiS, from PA)
     0.5616
 Fraction of D/A contributing to the net displaced charge (phi, from PA)
     0.7885
 psi (from PA)
     0.3940

  x value:  0.49

 Integral of detachment/attachment density
     0.9850
 Hole/particle overlap (phiS, from PA)
     0.5616
 Fraction of D/A contributing to the net displaced charge (phi, from PA)
     0.7885
 psi (from PA)
     0.3940

  x value:  0.50

 Integral of detachment/attachment density
     0.9850
 Hole/particle overlap (phiS, from PA)
     0.5616
 Fraction of D/A contributing to the net displaced charge (phi, from PA)
     0.7885
 psi (from PA)
     0.3940

  x value:  0.51

 Integral of detachment/attachment density
     0.9850
 Hole/particle overlap (phiS, from PA)
     0.5616
 Fraction of D/A contributing to the net displaced charge (phi, from PA)
     0.7885
 psi (from PA)
     0.3940

  x value:  0.52

 Integral of detachment/attachment density
     0.9850
 Hole/particle overlap (phiS, from PA)
     0.5616
 Fraction of D/A contributing to the net displaced charge (phi, from PA)
     0.7885
 psi (from PA)
     0.3940

  x value:  0.53

 Integral of detachment/attachment density
     0.9850
 Hole/particle overlap (phiS, from PA)
     0.5616
 Fraction of D/A contributing to the net displaced charge (phi, from PA)
     0.7885
 psi (from PA)
     0.3940

  x value:  0.54

 Integral of detachment/attachment density
     0.9850
 Hole/particle overlap (phiS, from PA)
     0.5616
 Fraction of D/A contributing to the net displaced charge (phi, from PA)
     0.7885
 psi (from PA)
     0.3940

  x value:  0.55

 Integral of detachment/attachment density
     0.9850
 Hole/particle overlap (phiS, from PA)
     0.5616
 Fraction of D/A contributing to the net displaced charge (phi, from PA)
     0.7885
 psi (from PA)
     0.3940

  x value:  0.56

 Integral of detachment/attachment density
     0.9850
 Hole/particle overlap (phiS, from PA)
     0.5616
 Fraction of D/A contributing to the net displaced charge (phi, from PA)
     0.7885
 psi (from PA)
     0.3940

  x value:  0.57

 Integral of detachment/attachment density
     0.9850
 Hole/particle overlap (phiS, from PA)
     0.5616
 Fraction of D/A contributing to the net displaced charge (phi, from PA)
     0.7885
 psi (from PA)
     0.3940

  x value:  0.58

 Integral of detachment/attachment density
     0.9850
 Hole/particle overlap (phiS, from PA)
     0.5616
 Fraction of D/A contributing to the net displaced charge (phi, from PA)
     0.7885
 psi (from PA)
     0.3940

  x value:  0.59

 Integral of detachment/attachment density
     0.9850
 Hole/particle overlap (phiS, from PA)
     0.5616
 Fraction of D/A contributing to the net displaced charge (phi, from PA)
     0.7886
 psi (from PA)
     0.3940

  x value:  0.60

 Integral of detachment/attachment density
     0.9850
 Hole/particle overlap (phiS, from PA)
     0.5616
 Fraction of D/A contributing to the net displaced charge (phi, from PA)
     0.7886
 psi (from PA)
     0.3940

  x value:  0.61

 Integral of detachment/attachment density
     0.9850
 Hole/particle overlap (phiS, from PA)
     0.5616
 Fraction of D/A contributing to the net displaced charge (phi, from PA)
     0.7886
 psi (from PA)
     0.3939

  x value:  0.62

 Integral of detachment/attachment density
     0.9850
 Hole/particle overlap (phiS, from PA)
     0.5616
 Fraction of D/A contributing to the net displaced charge (phi, from PA)
     0.7886
 psi (from PA)
     0.3939

  x value:  0.63

 Integral of detachment/attachment density
     0.9850
 Hole/particle overlap (phiS, from PA)
     0.5616
 Fraction of D/A contributing to the net displaced charge (phi, from PA)
     0.7886
 psi (from PA)
     0.3939

  x value:  0.64

 Integral of detachment/attachment density
     0.9850
 Hole/particle overlap (phiS, from PA)
     0.5616
 Fraction of D/A contributing to the net displaced charge (phi, from PA)
     0.7886
 psi (from PA)
     0.3939

  x value:  0.65

 Integral of detachment/attachment density
     0.9850
 Hole/particle overlap (phiS, from PA)
     0.5616
 Fraction of D/A contributing to the net displaced charge (phi, from PA)
     0.7886
 psi (from PA)
     0.3939

  x value:  0.66

 Integral of detachment/attachment density
     0.9850
 Hole/particle overlap (phiS, from PA)
     0.5616
 Fraction of D/A contributing to the net displaced charge (phi, from PA)
     0.7887
 psi (from PA)
     0.3939

  x value:  0.67

 Integral of detachment/attachment density
     0.9850
 Hole/particle overlap (phiS, from PA)
     0.5615
 Fraction of D/A contributing to the net displaced charge (phi, from PA)
     0.7887
 psi (from PA)
     0.3939

  x value:  0.68

 Integral of detachment/attachment density
     0.9850
 Hole/particle overlap (phiS, from PA)
     0.5615
 Fraction of D/A contributing to the net displaced charge (phi, from PA)
     0.7887
 psi (from PA)
     0.3939

  x value:  0.69

 Integral of detachment/attachment density
     0.9850
 Hole/particle overlap (phiS, from PA)
     0.5615
 Fraction of D/A contributing to the net displaced charge (phi, from PA)
     0.7887
 psi (from PA)
     0.3939

  x value:  0.70

 Integral of detachment/attachment density
     0.9850
 Hole/particle overlap (phiS, from PA)
     0.5615
 Fraction of D/A contributing to the net displaced charge (phi, from PA)
     0.7888
 psi (from PA)
     0.3939

  x value:  0.71

 Integral of detachment/attachment density
     0.9850
 Hole/particle overlap (phiS, from PA)
     0.5615
 Fraction of D/A contributing to the net displaced charge (phi, from PA)
     0.7888
 psi (from PA)
     0.3938

  x value:  0.72

 Integral of detachment/attachment density
     0.9850
 Hole/particle overlap (phiS, from PA)
     0.5615
 Fraction of D/A contributing to the net displaced charge (phi, from PA)
     0.7888
 psi (from PA)
     0.3938

  x value:  0.73

 Integral of detachment/attachment density
     0.9850
 Hole/particle overlap (phiS, from PA)
     0.5615
 Fraction of D/A contributing to the net displaced charge (phi, from PA)
     0.7889
 psi (from PA)
     0.3938

  x value:  0.74

 Integral of detachment/attachment density
     0.9850
 Hole/particle overlap (phiS, from PA)
     0.5615
 Fraction of D/A contributing to the net displaced charge (phi, from PA)
     0.7889
 psi (from PA)
     0.3938

  x value:  0.75

 Integral of detachment/attachment density
     0.9850
 Hole/particle overlap (phiS, from PA)
     0.5615
 Fraction of D/A contributing to the net displaced charge (phi, from PA)
     0.7890
 psi (from PA)
     0.3938

  x value:  0.76

 Integral of detachment/attachment density
     0.9850
 Hole/particle overlap (phiS, from PA)
     0.5615
 Fraction of D/A contributing to the net displaced charge (phi, from PA)
     0.7890
 psi (from PA)
     0.3937

  x value:  0.77

 Integral of detachment/attachment density
     0.9850
 Hole/particle overlap (phiS, from PA)
     0.5614
 Fraction of D/A contributing to the net displaced charge (phi, from PA)
     0.7891
 psi (from PA)
     0.3937

  x value:  0.78

 Integral of detachment/attachment density
     0.9850
 Hole/particle overlap (phiS, from PA)
     0.5614
 Fraction of D/A contributing to the net displaced charge (phi, from PA)
     0.7891
 psi (from PA)
     0.3937

  x value:  0.79

 Integral of detachment/attachment density
     0.9850
 Hole/particle overlap (phiS, from PA)
     0.5614
 Fraction of D/A contributing to the net displaced charge (phi, from PA)
     0.7892
 psi (from PA)
     0.3936

  x value:  0.80

 Integral of detachment/attachment density
     0.9850
 Hole/particle overlap (phiS, from PA)
     0.5614
 Fraction of D/A contributing to the net displaced charge (phi, from PA)
     0.7892
 psi (from PA)
     0.3936

  x value:  0.81

 Integral of detachment/attachment density
     0.9850
 Hole/particle overlap (phiS, from PA)
     0.5613
 Fraction of D/A contributing to the net displaced charge (phi, from PA)
     0.7893
 psi (from PA)
     0.3935

  x value:  0.82

 Integral of detachment/attachment density
     0.9850
 Hole/particle overlap (phiS, from PA)
     0.5613
 Fraction of D/A contributing to the net displaced charge (phi, from PA)
     0.7894
 psi (from PA)
     0.3935

  x value:  0.83

 Integral of detachment/attachment density
     0.9850
 Hole/particle overlap (phiS, from PA)
     0.5612
 Fraction of D/A contributing to the net displaced charge (phi, from PA)
     0.7895
 psi (from PA)
     0.3934

  x value:  0.84

 Integral of detachment/attachment density
     0.9850
 Hole/particle overlap (phiS, from PA)
     0.5612
 Fraction of D/A contributing to the net displaced charge (phi, from PA)
     0.7895
 psi (from PA)
     0.3934

  x value:  0.85

 Integral of detachment/attachment density
     0.9850
 Hole/particle overlap (phiS, from PA)
     0.5611
 Fraction of D/A contributing to the net displaced charge (phi, from PA)
     0.7896
 psi (from PA)
     0.3933

  x value:  0.86

 Integral of detachment/attachment density
     0.9850
 Hole/particle overlap (phiS, from PA)
     0.5611
 Fraction of D/A contributing to the net displaced charge (phi, from PA)
     0.7897
 psi (from PA)
     0.3933

  x value:  0.87

 Integral of detachment/attachment density
     0.9850
 Hole/particle overlap (phiS, from PA)
     0.5610
 Fraction of D/A contributing to the net displaced charge (phi, from PA)
     0.7898
 psi (from PA)
     0.3932

  x value:  0.88

 Integral of detachment/attachment density
     0.9850
 Hole/particle overlap (phiS, from PA)
     0.5609
 Fraction of D/A contributing to the net displaced charge (phi, from PA)
     0.7899
 psi (from PA)
     0.3931

  x value:  0.89

 Integral of detachment/attachment density
     0.9850
 Hole/particle overlap (phiS, from PA)
     0.5609
 Fraction of D/A contributing to the net displaced charge (phi, from PA)
     0.7900
 psi (from PA)
     0.3930

  x value:  0.90

 Integral of detachment/attachment density
     0.9850
 Hole/particle overlap (phiS, from PA)
     0.5608
 Fraction of D/A contributing to the net displaced charge (phi, from PA)
     0.7901
 psi (from PA)
     0.3929

  x value:  0.91

 Integral of detachment/attachment density
     0.9850
 Hole/particle overlap (phiS, from PA)
     0.5607
 Fraction of D/A contributing to the net displaced charge (phi, from PA)
     0.7903
 psi (from PA)
     0.3928

  x value:  0.92

 Integral of detachment/attachment density
     0.9850
 Hole/particle overlap (phiS, from PA)
     0.5606
 Fraction of D/A contributing to the net displaced charge (phi, from PA)
     0.7904
 psi (from PA)
     0.3927

  x value:  0.93

 Integral of detachment/attachment density
     0.9850
 Hole/particle overlap (phiS, from PA)
     0.5605
 Fraction of D/A contributing to the net displaced charge (phi, from PA)
     0.7905
 psi (from PA)
     0.3926

  x value:  0.94

 Integral of detachment/attachment density
     0.9850
 Hole/particle overlap (phiS, from PA)
     0.5604
 Fraction of D/A contributing to the net displaced charge (phi, from PA)
     0.7907
 psi (from PA)
     0.3925

  x value:  0.95

 Integral of detachment/attachment density
     0.9850
 Hole/particle overlap (phiS, from PA)
     0.5602
 Fraction of D/A contributing to the net displaced charge (phi, from PA)
     0.7908
 psi (from PA)
     0.3924

  x value:  0.96

 Integral of detachment/attachment density
     0.9850
 Hole/particle overlap (phiS, from PA)
     0.5601
 Fraction of D/A contributing to the net displaced charge (phi, from PA)
     0.7910
 psi (from PA)
     0.3922

  x value:  0.97

 Integral of detachment/attachment density
     0.9850
 Hole/particle overlap (phiS, from PA)
     0.5599
 Fraction of D/A contributing to the net displaced charge (phi, from PA)
     0.7912
 psi (from PA)
     0.3921

  x value:  0.98

 Integral of detachment/attachment density
     0.9850
 Hole/particle overlap (phiS, from PA)
     0.5597
 Fraction of D/A contributing to the net displaced charge (phi, from PA)
     0.7914
 psi (from PA)
     0.3919

  x value:  0.99

 Integral of detachment/attachment density
     0.9850
 Hole/particle overlap (phiS, from PA)
     0.5596
 Fraction of D/A contributing to the net displaced charge (phi, from PA)
     0.7916
 psi (from PA)
     0.3917

  x value:  1.00

 Integral of detachment/attachment density
     0.9850
 Hole/particle overlap (phiS, from PA)
     0.5594
 Fraction of D/A contributing to the net displaced charge (phi, from PA)
     0.7918
 psi (from PA)
     0.3916

General information collected into mesra_general_info

            ********************
            *                  *
            *  MESRA software  *
            *                  *
            ********************

 Jobtype: dau                                                                                                                             
 Number of excited states computed, and target transition
           3           1
 Number of alpha and beta electrons
           2           0
 Number of atomic and molecular (spin)orbitals
           4           4

 # Part A - Alpha density matrices
 Largest eigenvalues (> 0.1, if any)

 eig-  -0.59816
 eig-  -0.40184
 eig+   0.40184
 eig+   0.59816

 Integral of detachment/attachment density
     1.0000
 Hole/particle overlap (phiS, from PA)
     0.9582
 Fraction of D/A contributing to the net displaced charge (phi, from PA)
     0.2861
 psi (from PA)
     0.8153


            ********************
            *                  *
            *  MESRA software  *
            *                  *
            ********************

 Jobtype: orbsXY                                                                                                                          
 Number of excited states computed, and target transition
           3           1
 Number of alpha and beta electrons
           2           0
 Number of atomic and molecular (spin)orbitals
           4           4

 # Part A - Alpha orbitals

 (x^dagger)x + (y^dagger)y
     1.00000
 ((x+y)^dagger)(x+y), and its square root
     1.00000     1.00000
 (x^dagger)x - (y^dagger)y
     1.00000
 CTOs residue
     0.00000

 # pNTOs computation

 Amplitude of the particle-hole correlation
     0.00000

 If the square of a singular value contributes
 by more than ten percent to the sum of squared
 singular values, it is reported below

 Singular value, squared singular value, and percentage of its contribution

     0.77341     0.59816        59.8
     0.63391     0.40184        40.2

 # CTOs computation

 If the square of a singular value contributes
 by more than ten percent to the sum of squared
 singular values, it is reported below

 Singular value, squared singular value, and percentage of its contribution

     0.77341     0.59816        59.8
     0.63391     0.40184        40.2

 # aNTOs computation

 If the square of a singular value contributes
 by more than ten percent to the sum of squared
 singular values, it is reported below

 Singular value, squared singular value, and percentage of its contribution

     0.77341     0.59816        59.8
     0.63391     0.40184        40.2

